2023-08-24 13:13:06,info,Starting import from /Users/tiagosil/Library/CloudStorage/OneDrive-Cisco/BRIDGE_PROJECT/sp-x-cml-terraform/securecrt_sessions.xml to /Users/tiagosil/Library/CloudStorage/OneDrive-Personal/Softwares/SecureCRT/Config
2023-08-24 13:13:06,info,Importing sessions...
2023-08-24 13:13:06,info,Importing folder '/SP-B'...
2023-08-24 13:13:06,info,Importing session '/SP-B/SP-X-XRv-ASBR01'...
2023-08-24 13:13:06,info,Importing session '/SP-B/SP-X-XRv-ASBR02'...
2023-08-24 13:13:06,info,Importing session '/SP-B/SP-X-XRv-P01'...
2023-08-24 13:13:06,info,Importing session '/SP-B/SP-X-XRv-P02'...
2023-08-24 13:13:06,info,Importing session '/SP-B/SP-X-XRv-P03'...
2023-08-24 13:13:06,info,Importing session '/SP-B/SP-X-XRv-P04'...
2023-08-24 13:13:06,info,Importing session '/SP-B/SP-X-XRv-PE01'...
2023-08-24 13:13:06,info,Importing session '/SP-B/SP-X-XRv-PE02'...
2023-08-24 13:13:06,info,Importing session '/SP-B/SP-X-XRv-PE03'...
2023-08-24 13:13:06,info,Importing session '/SP-B/SP-X-XRv-PE04'...
2023-08-24 13:13:06,info,Importing session '/SP-B/SP-X-XRv-RRPCE01'...
2023-08-24 13:13:06,info,Importing session '/SP-B/SP-X-XRv-RRPCE02'...
2023-08-24 13:13:06,info,Importing firewalls...
2023-08-24 13:13:06,warn,No settings for firewalls could be found in file to import
2023-08-24 13:13:06,info,Importing saved credentials...
2023-08-24 13:13:06,warn,No settings for saved credentials could be found in file to import
2023-08-24 13:13:06,info,Importing highlight keywords...
2023-08-24 13:13:06,warn,No settings for highlight keywords could be found in file to import
2023-08-24 13:13:06,info,Importing button bars...
2023-08-24 13:13:06,warn,No settings for button bars could be found in file to import
2023-08-24 13:13:06,info,Importing color schemes...
2023-08-24 13:13:06,warn,No settings for color schemes could be found in file to import
2023-08-24 13:13:06,info,Importing protocol options...
2023-08-24 13:13:06,warn,No settings for protocol options could be found in file to import
2023-08-24 13:13:06,info,Importing synchronize sessions...
2023-08-24 13:13:06,warn,No settings for synchronize sessions could be found in file to import
2023-08-24 13:13:06,info,Importing synchronize filters...
2023-08-24 13:13:06,warn,No settings for synchronize filters could be found in file to import
2023-08-24 13:13:06,info,Importing associated files...
2023-08-24 13:13:06,info,Import from /Users/tiagosil/Library/CloudStorage/OneDrive-Cisco/BRIDGE_PROJECT/sp-x-cml-terraform/securecrt_sessions.xml to /Users/tiagosil/Library/CloudStorage/OneDrive-Personal/Softwares/SecureCRT/Config complete
2023-08-24 17:23:31,info,Starting import from /Users/tiagosil/Library/CloudStorage/OneDrive-Cisco/BRIDGE_PROJECT/sp-x-cml-terraform/securecrt_sessions.xml to /Users/tiagosil/Library/CloudStorage/OneDrive-Personal/Softwares/SecureCRT/Config
2023-08-24 17:23:31,info,Importing sessions...
2023-08-24 17:23:31,info,Importing folder '/SP-B'...
2023-08-24 17:23:31,info,Importing session '/SP-B/SP-X-XRv-ASBR01'...
2023-08-24 17:23:31,info,Importing session '/SP-B/SP-X-XRv-ASBR02'...
2023-08-24 17:23:31,info,Importing session '/SP-B/SP-X-XRv-P01'...
2023-08-24 17:23:31,info,Importing session '/SP-B/SP-X-XRv-P02'...
2023-08-24 17:23:31,info,Importing session '/SP-B/SP-X-XRv-P03'...
2023-08-24 17:23:31,info,Importing session '/SP-B/SP-X-XRv-P04'...
2023-08-24 17:23:31,info,Importing session '/SP-B/SP-X-XRv-PE01'...
2023-08-24 17:23:31,info,Importing session '/SP-B/SP-X-XRv-PE02'...
2023-08-24 17:23:31,info,Importing session '/SP-B/SP-X-XRv-PE03'...
2023-08-24 17:23:31,info,Importing session '/SP-B/SP-X-XRv-PE04'...
2023-08-24 17:23:31,info,Importing session '/SP-B/SP-X-XRv-RRPCE01'...
2023-08-24 17:23:31,info,Importing session '/SP-B/SP-X-XRv-RRPCE02'...
2023-08-24 17:23:31,info,Importing firewalls...
2023-08-24 17:23:31,warn,No settings for firewalls could be found in file to import
2023-08-24 17:23:31,info,Importing saved credentials...
2023-08-24 17:23:31,warn,No settings for saved credentials could be found in file to import
2023-08-24 17:23:31,info,Importing highlight keywords...
2023-08-24 17:23:31,warn,No settings for highlight keywords could be found in file to import
2023-08-24 17:23:31,info,Importing button bars...
2023-08-24 17:23:31,warn,No settings for button bars could be found in file to import
2023-08-24 17:23:31,info,Importing color schemes...
2023-08-24 17:23:31,warn,No settings for color schemes could be found in file to import
2023-08-24 17:23:31,info,Importing protocol options...
2023-08-24 17:23:31,warn,No settings for protocol options could be found in file to import
2023-08-24 17:23:31,info,Importing synchronize sessions...
2023-08-24 17:23:31,warn,No settings for synchronize sessions could be found in file to import
2023-08-24 17:23:31,info,Importing synchronize filters...
2023-08-24 17:23:31,warn,No settings for synchronize filters could be found in file to import
2023-08-24 17:23:31,info,Importing associated files...
2023-08-24 17:23:31,info,Import from /Users/tiagosil/Library/CloudStorage/OneDrive-Cisco/BRIDGE_PROJECT/sp-x-cml-terraform/securecrt_sessions.xml to /Users/tiagosil/Library/CloudStorage/OneDrive-Personal/Softwares/SecureCRT/Config complete
